[2019-11-30 21:15:50] production.ERROR: PDOException: SQLSTATE[HY000] [1045] Access denied for user 'forge'@'localhost' (using password: NO) in /home/lucas/dev/uploader/backend/uploader-api/vendor/illuminate/database/Connectors/Connector.php:70
Stack trace:
#0 /home/lucas/dev/uploader/backend/uploader-api/vendor/illuminate/database/Connectors/Connector.php(70): PDO->__construct('mysql:host=127....', 'forge', '', Array)
#1 /home/lucas/dev/uploader/backend/uploader-api/vendor/illuminate/database/Connectors/Connector.php(46): Illuminate\Database\Connectors\Connector->createPdoConnection('mysql:host=127....', 'forge', '', Array)
#2 /home/lucas/dev/uploader/backend/uploader-api/vendor/illuminate/database/Connectors/MySqlConnector.php(24): Illuminate\Database\Connectors\Connector->createConnection('mysql:host=127....', Array, Array)
#3 /home/lucas/dev/uploader/backend/uploader-api/vendor/illuminate/database/Connectors/ConnectionFactory.php(182): Illuminate\Database\Connectors\MySqlConnector->connect(Array)
#4 [internal function]: Illuminate\Database\Connectors\ConnectionFactory->Illuminate\Database\Connectors\{closure}()
#5 /home/lucas/dev/uploader/backend/uploader-api/vendor/illuminate/database/Connection.php(920): call_user_func(Object(Closure))
#6 /home/lucas/dev/uploader/backend/uploader-api/vendor/illuminate/database/Connection.php(945): Illuminate\Database\Connection->getPdo()
#7 /home/lucas/dev/uploader/backend/uploader-api/vendor/illuminate/database/Connection.php(400): Illuminate\Database\Connection->getReadPdo()
#8 /home/lucas/dev/uploader/backend/uploader-api/vendor/illuminate/database/Connection.php(326): Illuminate\Database\Connection->getPdoForSelect(true)
#9 /home/lucas/dev/uploader/backend/uploader-api/vendor/illuminate/database/Connection.php(658): Illuminate\Database\Connection->Illuminate\Database\{closure}('select * from i...', Array)
#10 /home/lucas/dev/uploader/backend/uploader-api/vendor/illuminate/database/Connection.php(625): Illuminate\Database\Connection->runQueryCallback('select * from i...', Array, Object(Closure))
#11 /home/lucas/dev/uploader/backend/uploader-api/vendor/illuminate/database/Connection.php(334): Illuminate\Database\Connection->run('select * from i...', Array, Object(Closure))
#12 /home/lucas/dev/uploader/backend/uploader-api/vendor/illuminate/database/Schema/MySqlBuilder.php(18): Illuminate\Database\Connection->select('select * from i...', Array)
#13 /home/lucas/dev/uploader/backend/uploader-api/vendor/illuminate/database/Migrations/DatabaseMigrationRepository.php(169): Illuminate\Database\Schema\MySqlBuilder->hasTable('migrations')
#14 /home/lucas/dev/uploader/backend/uploader-api/vendor/illuminate/database/Migrations/Migrator.php(585): Illuminate\Database\Migrations\DatabaseMigrationRepository->repositoryExists()
#15 /home/lucas/dev/uploader/backend/uploader-api/vendor/illuminate/database/Console/Migrations/MigrateCommand.php(91): Illuminate\Database\Migrations\Migrator->repositoryExists()
#16 /home/lucas/dev/uploader/backend/uploader-api/vendor/illuminate/database/Console/Migrations/MigrateCommand.php(63): Illuminate\Database\Console\Migrations\MigrateCommand->prepareDatabase()
#17 [internal function]: Illuminate\Database\Console\Migrations\MigrateCommand->handle()
#18 /home/lucas/dev/uploader/backend/uploader-api/vendor/illuminate/container/BoundMethod.php(32): call_user_func_array(Array, Array)
#19 /home/lucas/dev/uploader/backend/uploader-api/vendor/illuminate/container/Util.php(34): Illuminate\Container\BoundMethod::Illuminate\Container\{closure}()
#20 /home/lucas/dev/uploader/backend/uploader-api/vendor/illuminate/container/BoundMethod.php(90): Illuminate\Container\Util::unwrapIfClosure(Object(Closure))
#21 /home/lucas/dev/uploader/backend/uploader-api/vendor/illuminate/container/BoundMethod.php(34): Illuminate\Container\BoundMethod::callBoundMethod(Object(Laravel\Lumen\Application), Array, Object(Closure))
#22 /home/lucas/dev/uploader/backend/uploader-api/vendor/illuminate/container/Container.php(590): Illuminate\Container\BoundMethod::call(Object(Laravel\Lumen\Application), Array, Array, NULL)
#23 /home/lucas/dev/uploader/backend/uploader-api/vendor/illuminate/console/Command.php(202): Illuminate\Container\Container->call(Array)
#24 /home/lucas/dev/uploader/backend/uploader-api/vendor/symfony/console/Command/Command.php(255): Illuminate\Console\Command->execute(Object(Symfony\Component\Console\Input\ArgvInput), Object(Illuminate\Console\OutputStyle))
#25 /home/lucas/dev/uploader/backend/uploader-api/vendor/illuminate/console/Command.php(189): Symfony\Component\Console\Command\Command->run(Object(Symfony\Component\Console\Input\ArgvInput), Object(Illuminate\Console\OutputStyle))
#26 /home/lucas/dev/uploader/backend/uploader-api/vendor/symfony/console/Application.php(1011): Illuminate\Console\Command->run(Object(Symfony\Component\Console\Input\ArgvInput), Object(Symfony\Component\Console\Output\ConsoleOutput))
#27 /home/lucas/dev/uploader/backend/uploader-api/vendor/symfony/console/Application.php(272): Symfony\Component\Console\Application->doRunCommand(Object(Illuminate\Database\Console\Migrations\MigrateCommand), Object(Symfony\Component\Console\Input\ArgvInput), Object(Symfony\Component\Console\Output\ConsoleOutput))
#28 /home/lucas/dev/uploader/backend/uploader-api/vendor/symfony/console/Application.php(148): Symfony\Component\Console\Application->doRun(Object(Symfony\Component\Console\Input\ArgvInput), Object(Symfony\Component\Console\Output\ConsoleOutput))
#29 /home/lucas/dev/uploader/backend/uploader-api/vendor/illuminate/console/Application.php(90): Symfony\Component\Console\Application->run(Object(Symfony\Component\Console\Input\ArgvInput), Object(Symfony\Component\Console\Output\ConsoleOutput))
#30 /home/lucas/dev/uploader/backend/uploader-api/vendor/laravel/lumen-framework/src/Console/Kernel.php(115): Illuminate\Console\Application->run(Object(Symfony\Component\Console\Input\ArgvInput), Object(Symfony\Component\Console\Output\ConsoleOutput))
#31 /home/lucas/dev/uploader/backend/uploader-api/artisan(35): Laravel\Lumen\Console\Kernel->handle(Object(Symfony\Component\Console\Input\ArgvInput), Object(Symfony\Component\Console\Output\ConsoleOutput))
#32 {main}

Next Illuminate\Database\QueryException: SQLSTATE[HY000] [1045] Access denied for user 'forge'@'localhost' (using password: NO) (SQL: select * from information_schema.tables where table_schema = forge and table_name = migrations and table_type = 'BASE TABLE') in /home/lucas/dev/uploader/backend/uploader-api/vendor/illuminate/database/Connection.php:665
Stack trace:
#0 /home/lucas/dev/uploader/backend/uploader-api/vendor/illuminate/database/Connection.php(625): Illuminate\Database\Connection->runQueryCallback('select * from i...', Array, Object(Closure))
#1 /home/lucas/dev/uploader/backend/uploader-api/vendor/illuminate/database/Connection.php(334): Illuminate\Database\Connection->run('select * from i...', Array, Object(Closure))
#2 /home/lucas/dev/uploader/backend/uploader-api/vendor/illuminate/database/Schema/MySqlBuilder.php(18): Illuminate\Database\Connection->select('select * from i...', Array)
#3 /home/lucas/dev/uploader/backend/uploader-api/vendor/illuminate/database/Migrations/DatabaseMigrationRepository.php(169): Illuminate\Database\Schema\MySqlBuilder->hasTable('migrations')
#4 /home/lucas/dev/uploader/backend/uploader-api/vendor/illuminate/database/Migrations/Migrator.php(585): Illuminate\Database\Migrations\DatabaseMigrationRepository->repositoryExists()
#5 /home/lucas/dev/uploader/backend/uploader-api/vendor/illuminate/database/Console/Migrations/MigrateCommand.php(91): Illuminate\Database\Migrations\Migrator->repositoryExists()
#6 /home/lucas/dev/uploader/backend/uploader-api/vendor/illuminate/database/Console/Migrations/MigrateCommand.php(63): Illuminate\Database\Console\Migrations\MigrateCommand->prepareDatabase()
#7 [internal function]: Illuminate\Database\Console\Migrations\MigrateCommand->handle()
#8 /home/lucas/dev/uploader/backend/uploader-api/vendor/illuminate/container/BoundMethod.php(32): call_user_func_array(Array, Array)
#9 /home/lucas/dev/uploader/backend/uploader-api/vendor/illuminate/container/Util.php(34): Illuminate\Container\BoundMethod::Illuminate\Container\{closure}()
#10 /home/lucas/dev/uploader/backend/uploader-api/vendor/illuminate/container/BoundMethod.php(90): Illuminate\Container\Util::unwrapIfClosure(Object(Closure))
#11 /home/lucas/dev/uploader/backend/uploader-api/vendor/illuminate/container/BoundMethod.php(34): Illuminate\Container\BoundMethod::callBoundMethod(Object(Laravel\Lumen\Application), Array, Object(Closure))
#12 /home/lucas/dev/uploader/backend/uploader-api/vendor/illuminate/container/Container.php(590): Illuminate\Container\BoundMethod::call(Object(Laravel\Lumen\Application), Array, Array, NULL)
#13 /home/lucas/dev/uploader/backend/uploader-api/vendor/illuminate/console/Command.php(202): Illuminate\Container\Container->call(Array)
#14 /home/lucas/dev/uploader/backend/uploader-api/vendor/symfony/console/Command/Command.php(255): Illuminate\Console\Command->execute(Object(Symfony\Component\Console\Input\ArgvInput), Object(Illuminate\Console\OutputStyle))
#15 /home/lucas/dev/uploader/backend/uploader-api/vendor/illuminate/console/Command.php(189): Symfony\Component\Console\Command\Command->run(Object(Symfony\Component\Console\Input\ArgvInput), Object(Illuminate\Console\OutputStyle))
#16 /home/lucas/dev/uploader/backend/uploader-api/vendor/symfony/console/Application.php(1011): Illuminate\Console\Command->run(Object(Symfony\Component\Console\Input\ArgvInput), Object(Symfony\Component\Console\Output\ConsoleOutput))
#17 /home/lucas/dev/uploader/backend/uploader-api/vendor/symfony/console/Application.php(272): Symfony\Component\Console\Application->doRunCommand(Object(Illuminate\Database\Console\Migrations\MigrateCommand), Object(Symfony\Component\Console\Input\ArgvInput), Object(Symfony\Component\Console\Output\ConsoleOutput))
#18 /home/lucas/dev/uploader/backend/uploader-api/vendor/symfony/console/Application.php(148): Symfony\Component\Console\Application->doRun(Object(Symfony\Component\Console\Input\ArgvInput), Object(Symfony\Component\Console\Output\ConsoleOutput))
#19 /home/lucas/dev/uploader/backend/uploader-api/vendor/illuminate/console/Application.php(90): Symfony\Component\Console\Application->run(Object(Symfony\Component\Console\Input\ArgvInput), Object(Symfony\Component\Console\Output\ConsoleOutput))
#20 /home/lucas/dev/uploader/backend/uploader-api/vendor/laravel/lumen-framework/src/Console/Kernel.php(115): Illuminate\Console\Application->run(Object(Symfony\Component\Console\Input\ArgvInput), Object(Symfony\Component\Console\Output\ConsoleOutput))
#21 /home/lucas/dev/uploader/backend/uploader-api/artisan(35): Laravel\Lumen\Console\Kernel->handle(Object(Symfony\Component\Console\Input\ArgvInput), Object(Symfony\Component\Console\Output\ConsoleOutput))
#22 {main} {"exception":"[object] (Illuminate\\Database\\QueryException(code: 1045): SQLSTATE[HY000] [1045] Access denied for user 'forge'@'localhost' (using password: NO) (SQL: select * from information_schema.tables where table_schema = forge and table_name = migrations and table_type = 'BASE TABLE') at /home/lucas/dev/uploader/backend/uploader-api/vendor/illuminate/database/Connection.php:665)
[stacktrace]
#0 /home/lucas/dev/uploader/backend/uploader-api/vendor/illuminate/database/Connection.php(625): Illuminate\\Database\\Connection->runQueryCallback('select * from i...', Array, Object(Closure))
#1 /home/lucas/dev/uploader/backend/uploader-api/vendor/illuminate/database/Connection.php(334): Illuminate\\Database\\Connection->run('select * from i...', Array, Object(Closure))
#2 /home/lucas/dev/uploader/backend/uploader-api/vendor/illuminate/database/Schema/MySqlBuilder.php(18): Illuminate\\Database\\Connection->select('select * from i...', Array)
#3 /home/lucas/dev/uploader/backend/uploader-api/vendor/illuminate/database/Migrations/DatabaseMigrationRepository.php(169): Illuminate\\Database\\Schema\\MySqlBuilder->hasTable('migrations')
#4 /home/lucas/dev/uploader/backend/uploader-api/vendor/illuminate/database/Migrations/Migrator.php(585): Illuminate\\Database\\Migrations\\DatabaseMigrationRepository->repositoryExists()
#5 /home/lucas/dev/uploader/backend/uploader-api/vendor/illuminate/database/Console/Migrations/MigrateCommand.php(91): Illuminate\\Database\\Migrations\\Migrator->repositoryExists()
#6 /home/lucas/dev/uploader/backend/uploader-api/vendor/illuminate/database/Console/Migrations/MigrateCommand.php(63): Illuminate\\Database\\Console\\Migrations\\MigrateCommand->prepareDatabase()
#7 [internal function]: Illuminate\\Database\\Console\\Migrations\\MigrateCommand->handle()
#8 /home/lucas/dev/uploader/backend/uploader-api/vendor/illuminate/container/BoundMethod.php(32): call_user_func_array(Array, Array)
#9 /home/lucas/dev/uploader/backend/uploader-api/vendor/illuminate/container/Util.php(34): Illuminate\\Container\\BoundMethod::Illuminate\\Container\\{closure}()
#10 /home/lucas/dev/uploader/backend/uploader-api/vendor/illuminate/container/BoundMethod.php(90): Illuminate\\Container\\Util::unwrapIfClosure(Object(Closure))
#11 /home/lucas/dev/uploader/backend/uploader-api/vendor/illuminate/container/BoundMethod.php(34): Illuminate\\Container\\BoundMethod::callBoundMethod(Object(Laravel\\Lumen\\Application), Array, Object(Closure))
#12 /home/lucas/dev/uploader/backend/uploader-api/vendor/illuminate/container/Container.php(590): Illuminate\\Container\\BoundMethod::call(Object(Laravel\\Lumen\\Application), Array, Array, NULL)
#13 /home/lucas/dev/uploader/backend/uploader-api/vendor/illuminate/console/Command.php(202): Illuminate\\Container\\Container->call(Array)
#14 /home/lucas/dev/uploader/backend/uploader-api/vendor/symfony/console/Command/Command.php(255): Illuminate\\Console\\Command->execute(Object(Symfony\\Component\\Console\\Input\\ArgvInput), Object(Illuminate\\Console\\OutputStyle))
#15 /home/lucas/dev/uploader/backend/uploader-api/vendor/illuminate/console/Command.php(189): Symfony\\Component\\Console\\Command\\Command->run(Object(Symfony\\Component\\Console\\Input\\ArgvInput), Object(Illuminate\\Console\\OutputStyle))
#16 /home/lucas/dev/uploader/backend/uploader-api/vendor/symfony/console/Application.php(1011): Illuminate\\Console\\Command->run(Object(Symfony\\Component\\Console\\Input\\ArgvInput), Object(Symfony\\Component\\Console\\Output\\ConsoleOutput))
#17 /home/lucas/dev/uploader/backend/uploader-api/vendor/symfony/console/Application.php(272): Symfony\\Component\\Console\\Application->doRunCommand(Object(Illuminate\\Database\\Console\\Migrations\\MigrateCommand), Object(Symfony\\Component\\Console\\Input\\ArgvInput), Object(Symfony\\Component\\Console\\Output\\ConsoleOutput))
#18 /home/lucas/dev/uploader/backend/uploader-api/vendor/symfony/console/Application.php(148): Symfony\\Component\\Console\\Application->doRun(Object(Symfony\\Component\\Console\\Input\\ArgvInput), Object(Symfony\\Component\\Console\\Output\\ConsoleOutput))
#19 /home/lucas/dev/uploader/backend/uploader-api/vendor/illuminate/console/Application.php(90): Symfony\\Component\\Console\\Application->run(Object(Symfony\\Component\\Console\\Input\\ArgvInput), Object(Symfony\\Component\\Console\\Output\\ConsoleOutput))
#20 /home/lucas/dev/uploader/backend/uploader-api/vendor/laravel/lumen-framework/src/Console/Kernel.php(115): Illuminate\\Console\\Application->run(Object(Symfony\\Component\\Console\\Input\\ArgvInput), Object(Symfony\\Component\\Console\\Output\\ConsoleOutput))
#21 /home/lucas/dev/uploader/backend/uploader-api/artisan(35): Laravel\\Lumen\\Console\\Kernel->handle(Object(Symfony\\Component\\Console\\Input\\ArgvInput), Object(Symfony\\Component\\Console\\Output\\ConsoleOutput))
#22 {main}

[previous exception] [object] (PDOException(code: 1045): SQLSTATE[HY000] [1045] Access denied for user 'forge'@'localhost' (using password: NO) at /home/lucas/dev/uploader/backend/uploader-api/vendor/illuminate/database/Connectors/Connector.php:70)
[stacktrace]
#0 /home/lucas/dev/uploader/backend/uploader-api/vendor/illuminate/database/Connectors/Connector.php(70): PDO->__construct('mysql:host=127....', 'forge', '', Array)
#1 /home/lucas/dev/uploader/backend/uploader-api/vendor/illuminate/database/Connectors/Connector.php(46): Illuminate\\Database\\Connectors\\Connector->createPdoConnection('mysql:host=127....', 'forge', '', Array)
#2 /home/lucas/dev/uploader/backend/uploader-api/vendor/illuminate/database/Connectors/MySqlConnector.php(24): Illuminate\\Database\\Connectors\\Connector->createConnection('mysql:host=127....', Array, Array)
#3 /home/lucas/dev/uploader/backend/uploader-api/vendor/illuminate/database/Connectors/ConnectionFactory.php(182): Illuminate\\Database\\Connectors\\MySqlConnector->connect(Array)
#4 [internal function]: Illuminate\\Database\\Connectors\\ConnectionFactory->Illuminate\\Database\\Connectors\\{closure}()
#5 /home/lucas/dev/uploader/backend/uploader-api/vendor/illuminate/database/Connection.php(920): call_user_func(Object(Closure))
#6 /home/lucas/dev/uploader/backend/uploader-api/vendor/illuminate/database/Connection.php(945): Illuminate\\Database\\Connection->getPdo()
#7 /home/lucas/dev/uploader/backend/uploader-api/vendor/illuminate/database/Connection.php(400): Illuminate\\Database\\Connection->getReadPdo()
#8 /home/lucas/dev/uploader/backend/uploader-api/vendor/illuminate/database/Connection.php(326): Illuminate\\Database\\Connection->getPdoForSelect(true)
#9 /home/lucas/dev/uploader/backend/uploader-api/vendor/illuminate/database/Connection.php(658): Illuminate\\Database\\Connection->Illuminate\\Database\\{closure}('select * from i...', Array)
#10 /home/lucas/dev/uploader/backend/uploader-api/vendor/illuminate/database/Connection.php(625): Illuminate\\Database\\Connection->runQueryCallback('select * from i...', Array, Object(Closure))
#11 /home/lucas/dev/uploader/backend/uploader-api/vendor/illuminate/database/Connection.php(334): Illuminate\\Database\\Connection->run('select * from i...', Array, Object(Closure))
#12 /home/lucas/dev/uploader/backend/uploader-api/vendor/illuminate/database/Schema/MySqlBuilder.php(18): Illuminate\\Database\\Connection->select('select * from i...', Array)
#13 /home/lucas/dev/uploader/backend/uploader-api/vendor/illuminate/database/Migrations/DatabaseMigrationRepository.php(169): Illuminate\\Database\\Schema\\MySqlBuilder->hasTable('migrations')
#14 /home/lucas/dev/uploader/backend/uploader-api/vendor/illuminate/database/Migrations/Migrator.php(585): Illuminate\\Database\\Migrations\\DatabaseMigrationRepository->repositoryExists()
#15 /home/lucas/dev/uploader/backend/uploader-api/vendor/illuminate/database/Console/Migrations/MigrateCommand.php(91): Illuminate\\Database\\Migrations\\Migrator->repositoryExists()
#16 /home/lucas/dev/uploader/backend/uploader-api/vendor/illuminate/database/Console/Migrations/MigrateCommand.php(63): Illuminate\\Database\\Console\\Migrations\\MigrateCommand->prepareDatabase()
#17 [internal function]: Illuminate\\Database\\Console\\Migrations\\MigrateCommand->handle()
#18 /home/lucas/dev/uploader/backend/uploader-api/vendor/illuminate/container/BoundMethod.php(32): call_user_func_array(Array, Array)
#19 /home/lucas/dev/uploader/backend/uploader-api/vendor/illuminate/container/Util.php(34): Illuminate\\Container\\BoundMethod::Illuminate\\Container\\{closure}()
#20 /home/lucas/dev/uploader/backend/uploader-api/vendor/illuminate/container/BoundMethod.php(90): Illuminate\\Container\\Util::unwrapIfClosure(Object(Closure))
#21 /home/lucas/dev/uploader/backend/uploader-api/vendor/illuminate/container/BoundMethod.php(34): Illuminate\\Container\\BoundMethod::callBoundMethod(Object(Laravel\\Lumen\\Application), Array, Object(Closure))
#22 /home/lucas/dev/uploader/backend/uploader-api/vendor/illuminate/container/Container.php(590): Illuminate\\Container\\BoundMethod::call(Object(Laravel\\Lumen\\Application), Array, Array, NULL)
#23 /home/lucas/dev/uploader/backend/uploader-api/vendor/illuminate/console/Command.php(202): Illuminate\\Container\\Container->call(Array)
#24 /home/lucas/dev/uploader/backend/uploader-api/vendor/symfony/console/Command/Command.php(255): Illuminate\\Console\\Command->execute(Object(Symfony\\Component\\Console\\Input\\ArgvInput), Object(Illuminate\\Console\\OutputStyle))
#25 /home/lucas/dev/uploader/backend/uploader-api/vendor/illuminate/console/Command.php(189): Symfony\\Component\\Console\\Command\\Command->run(Object(Symfony\\Component\\Console\\Input\\ArgvInput), Object(Illuminate\\Console\\OutputStyle))
#26 /home/lucas/dev/uploader/backend/uploader-api/vendor/symfony/console/Application.php(1011): Illuminate\\Console\\Command->run(Object(Symfony\\Component\\Console\\Input\\ArgvInput), Object(Symfony\\Component\\Console\\Output\\ConsoleOutput))
#27 /home/lucas/dev/uploader/backend/uploader-api/vendor/symfony/console/Application.php(272): Symfony\\Component\\Console\\Application->doRunCommand(Object(Illuminate\\Database\\Console\\Migrations\\MigrateCommand), Object(Symfony\\Component\\Console\\Input\\ArgvInput), Object(Symfony\\Component\\Console\\Output\\ConsoleOutput))
#28 /home/lucas/dev/uploader/backend/uploader-api/vendor/symfony/console/Application.php(148): Symfony\\Component\\Console\\Application->doRun(Object(Symfony\\Component\\Console\\Input\\ArgvInput), Object(Symfony\\Component\\Console\\Output\\ConsoleOutput))
#29 /home/lucas/dev/uploader/backend/uploader-api/vendor/illuminate/console/Application.php(90): Symfony\\Component\\Console\\Application->run(Object(Symfony\\Component\\Console\\Input\\ArgvInput), Object(Symfony\\Component\\Console\\Output\\ConsoleOutput))
#30 /home/lucas/dev/uploader/backend/uploader-api/vendor/laravel/lumen-framework/src/Console/Kernel.php(115): Illuminate\\Console\\Application->run(Object(Symfony\\Component\\Console\\Input\\ArgvInput), Object(Symfony\\Component\\Console\\Output\\ConsoleOutput))
#31 /home/lucas/dev/uploader/backend/uploader-api/artisan(35): Laravel\\Lumen\\Console\\Kernel->handle(Object(Symfony\\Component\\Console\\Input\\ArgvInput), Object(Symfony\\Component\\Console\\Output\\ConsoleOutput))
#32 {main}
"} 
